Connecting to database specified by database.yml
Connecting to database specified by database.yml
Connecting to database specified by database.yml
Connecting to database specified by database.yml
Connecting to database specified by database.yml
Connecting to database specified by database.yml
Connecting to database specified by database.yml
Connecting to database specified by database.yml
Connecting to database specified by database.yml
Connecting to database specified by database.yml
Connecting to database specified by database.yml
Connecting to database specified by database.yml
Connecting to database specified by database.yml
Connecting to database specified by database.yml
Connecting to database specified by database.yml
  [1m[36m (0.2ms)[0m  [1mselect sqlite_version(*)[0m
  [1m[35m (5.7ms)[0m  CREATE TABLE "schema_migrations" ("version" varchar(255) NOT NULL) 
  [1m[36m (0.1ms)[0m  [1mPRAGMA index_list("schema_migrations")[0m
  [1m[35m (5.3ms)[0m  CREATE UNIQUE INDEX "unique_schema_migrations" ON "schema_migrations" ("version")
  [1m[36m (0.1ms)[0m  [1mSELECT "schema_migrations"."version" FROM "schema_migrations" [0m
Migrating to DeviseCreateUsers (20120702171952)
  [1m[35m (0.0ms)[0m  begin transaction
  [1m[36m (0.5ms)[0m  [1mCREATE TABLE "users" ("id" INTEGER PRIMARY KEY AUTOINCREMENT NOT NULL, "email" varchar(255) DEFAULT '' NOT NULL, "encrypted_password" varchar(255) DEFAULT '' NOT NULL, "reset_password_token" varchar(255), "reset_password_sent_at" datetime, "remember_created_at" datetime, "sign_in_count" integer DEFAULT 0, "current_sign_in_at" datetime, "last_sign_in_at" datetime, "current_sign_in_ip" varchar(255), "last_sign_in_ip" varchar(255), "created_at" datetime NOT NULL, "updated_at" datetime NOT NULL) [0m
  [1m[35m (0.0ms)[0m  PRAGMA index_list("users")
  [1m[36m (0.3ms)[0m  [1mCREATE UNIQUE INDEX "index_users_on_email" ON "users" ("email")[0m
  [1m[35m (0.0ms)[0m  PRAGMA index_list("users")
  [1m[36m (0.0ms)[0m  [1mPRAGMA index_info('index_users_on_email')[0m
  [1m[35m (0.1ms)[0m  CREATE UNIQUE INDEX "index_users_on_reset_password_token" ON "users" ("reset_password_token")
  [1m[36m (0.1ms)[0m  [1mINSERT INTO "schema_migrations" ("version") VALUES ('20120702171952')[0m
  [1m[35m (5.6ms)[0m  commit transaction
Migrating to RolifyCreateRoles (20120702171959)
  [1m[36m (0.1ms)[0m  [1mbegin transaction[0m
  [1m[35m (0.4ms)[0m  CREATE TABLE "roles" ("id" INTEGER PRIMARY KEY AUTOINCREMENT NOT NULL, "name" varchar(255), "resource_id" integer, "resource_type" varchar(255), "created_at" datetime NOT NULL, "updated_at" datetime NOT NULL) 
  [1m[36m (0.1ms)[0m  [1mCREATE TABLE "users_roles" ("user_id" integer, "role_id" integer) [0m
  [1m[35m (0.0ms)[0m  PRAGMA index_list("roles")
  [1m[36m (0.1ms)[0m  [1mCREATE INDEX "index_roles_on_name" ON "roles" ("name")[0m
  [1m[35m (0.0ms)[0m  PRAGMA index_list("roles")
  [1m[36m (0.0ms)[0m  [1mPRAGMA index_info('index_roles_on_name')[0m
  [1m[35m (0.1ms)[0m  CREATE INDEX "index_roles_on_name_and_resource_type_and_resource_id" ON "roles" ("name", "resource_type", "resource_id")
  [1m[36m (0.0ms)[0m  [1mPRAGMA index_list("users_roles")[0m
  [1m[35m (0.1ms)[0m  CREATE INDEX "index_users_roles_on_user_id_and_role_id" ON "users_roles" ("user_id", "role_id")
  [1m[36m (0.1ms)[0m  [1mINSERT INTO "schema_migrations" ("version") VALUES ('20120702171959')[0m
  [1m[35m (6.5ms)[0m  commit transaction
Migrating to AddNameToUsers (20120702172003)
  [1m[36m (0.1ms)[0m  [1mbegin transaction[0m
  [1m[35m (0.4ms)[0m  ALTER TABLE "users" ADD "name" varchar(255)
  [1m[36m (0.1ms)[0m  [1mINSERT INTO "schema_migrations" ("version") VALUES ('20120702172003')[0m
  [1m[35m (5.6ms)[0m  commit transaction
Migrating to AddConfirmableToUsers (20120702172006)
  [1m[36m (0.1ms)[0m  [1mbegin transaction[0m
  [1m[35m (0.7ms)[0m  ALTER TABLE "users" ADD "confirmation_token" varchar(255)
  [1m[36m (0.2ms)[0m  [1mALTER TABLE "users" ADD "confirmed_at" datetime[0m
  [1m[35m (0.2ms)[0m  ALTER TABLE "users" ADD "confirmation_sent_at" datetime
  [1m[36m (0.2ms)[0m  [1mALTER TABLE "users" ADD "unconfirmed_email" varchar(255)[0m
  [1m[35m (0.1ms)[0m  INSERT INTO "schema_migrations" ("version") VALUES ('20120702172006')
  [1m[36m (5.9ms)[0m  [1mcommit transaction[0m
Migrating to AddOptinToUsers (20120702172016)
  [1m[35m (0.1ms)[0m  begin transaction
  [1m[36m (0.6ms)[0m  [1mALTER TABLE "users" ADD "opt_in" boolean[0m
  [1m[35m (0.1ms)[0m  INSERT INTO "schema_migrations" ("version") VALUES ('20120702172016')
  [1m[36m (5.2ms)[0m  [1mcommit transaction[0m
  [1m[35m (0.4ms)[0m  select sqlite_version(*)
  [1m[36m (0.1ms)[0m  [1mSELECT "schema_migrations"."version" FROM "schema_migrations" [0m
  [1m[35m (0.0ms)[0m  PRAGMA index_list("roles")
  [1m[36m (0.0ms)[0m  [1mPRAGMA index_info('index_roles_on_name_and_resource_type_and_resource_id')[0m
  [1m[35m (0.0ms)[0m  PRAGMA index_info('index_roles_on_name')
  [1m[36m (0.0ms)[0m  [1mPRAGMA index_list("users")[0m
  [1m[35m (0.0ms)[0m  PRAGMA index_info('index_users_on_reset_password_token')
  [1m[36m (0.0ms)[0m  [1mPRAGMA index_info('index_users_on_email')[0m
  [1m[35m (0.0ms)[0m  PRAGMA index_list("users_roles")
  [1m[36m (0.0ms)[0m  [1mPRAGMA index_info('index_users_roles_on_user_id_and_role_id')[0m
Connecting to database specified by database.yml
Connecting to database specified by database.yml
  [1m[36m (0.1ms)[0m  [1mSELECT "schema_migrations"."version" FROM "schema_migrations" [0m
Migrating to DeviseCreateUsers (20120702171952)
Migrating to RolifyCreateRoles (20120702171959)
Migrating to AddNameToUsers (20120702172003)
Migrating to AddConfirmableToUsers (20120702172006)
Migrating to AddOptinToUsers (20120702172016)
Migrating to DeviseInvitableAddToUsers (20120702172037)
  [1m[35m (0.0ms)[0m  select sqlite_version(*)
  [1m[36m (0.0ms)[0m  [1mbegin transaction[0m
  [1m[35m (0.7ms)[0m  ALTER TABLE "users" ADD "invitation_token" varchar(60)
  [1m[36m (0.2ms)[0m  [1mALTER TABLE "users" ADD "invitation_sent_at" datetime[0m
  [1m[35m (0.2ms)[0m  ALTER TABLE "users" ADD "invitation_accepted_at" datetime
  [1m[36m (0.2ms)[0m  [1mALTER TABLE "users" ADD "invitation_limit" integer[0m
  [1m[35m (0.2ms)[0m  ALTER TABLE "users" ADD "invited_by_id" integer
  [1m[36m (0.2ms)[0m  [1mALTER TABLE "users" ADD "invited_by_type" varchar(255)[0m
  [1m[35m (0.0ms)[0m  PRAGMA index_list("users")
  [1m[36m (0.0ms)[0m  [1mPRAGMA index_info('index_users_on_reset_password_token')[0m
  [1m[35m (0.0ms)[0m  PRAGMA index_info('index_users_on_email')
  [1m[36m (0.1ms)[0m  [1mCREATE INDEX "index_users_on_invitation_token" ON "users" ("invitation_token")[0m
  [1m[35m (0.0ms)[0m  PRAGMA index_list("users")
  [1m[36m (0.0ms)[0m  [1mPRAGMA index_info('index_users_on_invitation_token')[0m
  [1m[35m (0.0ms)[0m  PRAGMA index_info('index_users_on_reset_password_token')
  [1m[36m (0.0ms)[0m  [1mPRAGMA index_info('index_users_on_email')[0m
  [1m[35m (0.1ms)[0m  CREATE INDEX "index_users_on_invited_by_id" ON "users" ("invited_by_id")
  [1m[36m (0.7ms)[0m  [1mCREATE TEMPORARY TABLE "altered_users" ("id" INTEGER PRIMARY KEY AUTOINCREMENT NOT NULL, "email" varchar(255) DEFAULT '' NOT NULL, "encrypted_password" varchar(255) DEFAULT '' NOT NULL, "reset_password_token" varchar(255), "reset_password_sent_at" datetime, "remember_created_at" datetime, "sign_in_count" integer DEFAULT 0, "current_sign_in_at" datetime, "last_sign_in_at" datetime, "current_sign_in_ip" varchar(255), "last_sign_in_ip" varchar(255), "created_at" datetime NOT NULL, "updated_at" datetime NOT NULL, "name" varchar(255), "confirmation_token" varchar(255), "confirmed_at" datetime, "confirmation_sent_at" datetime, "unconfirmed_email" varchar(255), "opt_in" boolean, "invitation_token" varchar(60), "invitation_sent_at" datetime, "invitation_accepted_at" datetime, "invitation_limit" integer, "invited_by_id" integer, "invited_by_type" varchar(255)) [0m
  [1m[35m (0.1ms)[0m  PRAGMA index_list("users")
  [1m[36m (0.0ms)[0m  [1mPRAGMA index_info('index_users_on_invited_by_id')[0m
  [1m[35m (0.0ms)[0m  PRAGMA index_info('index_users_on_invitation_token')
  [1m[36m (0.0ms)[0m  [1mPRAGMA index_info('index_users_on_reset_password_token')[0m
  [1m[35m (0.0ms)[0m  PRAGMA index_info('index_users_on_email')
  [1m[36m (0.0ms)[0m  [1mPRAGMA index_list("altered_users")[0m
  [1m[35m (0.1ms)[0m  CREATE INDEX "temp_index_altered_users_on_invited_by_id" ON "altered_users" ("invited_by_id")
  [1m[36m (0.0ms)[0m  [1mPRAGMA index_list("altered_users")[0m
  [1m[35m (0.0ms)[0m  PRAGMA index_info('temp_index_altered_users_on_invited_by_id')
  [1m[36m (0.1ms)[0m  [1mCREATE INDEX "temp_index_altered_users_on_invitation_token" ON "altered_users" ("invitation_token")[0m
  [1m[35m (0.0ms)[0m  PRAGMA index_list("altered_users")
  [1m[36m (0.0ms)[0m  [1mPRAGMA index_info('temp_index_altered_users_on_invitation_token')[0m
  [1m[35m (0.0ms)[0m  PRAGMA index_info('temp_index_altered_users_on_invited_by_id')
  [1m[36m (0.3ms)[0m  [1mCREATE UNIQUE INDEX "temp_index_altered_users_on_reset_password_token" ON "altered_users" ("reset_password_token")[0m
  [1m[35m (0.0ms)[0m  PRAGMA index_list("altered_users")
  [1m[36m (0.0ms)[0m  [1mPRAGMA index_info('temp_index_altered_users_on_reset_password_token')[0m
  [1m[35m (0.0ms)[0m  PRAGMA index_info('temp_index_altered_users_on_invitation_token')
  [1m[36m (0.0ms)[0m  [1mPRAGMA index_info('temp_index_altered_users_on_invited_by_id')[0m
  [1m[35m (0.1ms)[0m  CREATE UNIQUE INDEX "temp_index_altered_users_on_email" ON "altered_users" ("email")
  [1m[36m (0.1ms)[0m  [1mSELECT * FROM "users"[0m
  [1m[35m (0.4ms)[0m  DROP TABLE "users"
  [1m[36m (0.2ms)[0m  [1mCREATE TABLE "users" ("id" INTEGER PRIMARY KEY AUTOINCREMENT NOT NULL, "email" varchar(255) DEFAULT '' NOT NULL, "encrypted_password" varchar(255) DEFAULT '', "reset_password_token" varchar(255), "reset_password_sent_at" datetime, "remember_created_at" datetime, "sign_in_count" integer DEFAULT 0, "current_sign_in_at" datetime, "last_sign_in_at" datetime, "current_sign_in_ip" varchar(255), "last_sign_in_ip" varchar(255), "created_at" datetime NOT NULL, "updated_at" datetime NOT NULL, "name" varchar(255), "confirmation_token" varchar(255), "confirmed_at" datetime, "confirmation_sent_at" datetime, "unconfirmed_email" varchar(255), "opt_in" boolean, "invitation_token" varchar(60), "invitation_sent_at" datetime, "invitation_accepted_at" datetime, "invitation_limit" integer, "invited_by_id" integer, "invited_by_type" varchar(255)) [0m
  [1m[35m (0.1ms)[0m  PRAGMA index_list("altered_users")
  [1m[36m (0.0ms)[0m  [1mPRAGMA index_info('temp_index_altered_users_on_email')[0m
  [1m[35m (0.0ms)[0m  PRAGMA index_info('temp_index_altered_users_on_reset_password_token')
  [1m[36m (0.0ms)[0m  [1mPRAGMA index_info('temp_index_altered_users_on_invitation_token')[0m
  [1m[35m (0.0ms)[0m  PRAGMA index_info('temp_index_altered_users_on_invited_by_id')
  [1m[36m (0.0ms)[0m  [1mPRAGMA index_list("users")[0m
  [1m[35m (0.1ms)[0m  CREATE UNIQUE INDEX "index_users_on_email" ON "users" ("email")
  [1m[36m (0.0ms)[0m  [1mPRAGMA index_list("users")[0m
  [1m[35m (0.0ms)[0m  PRAGMA index_info('index_users_on_email')
  [1m[36m (0.2ms)[0m  [1mCREATE UNIQUE INDEX "index_users_on_reset_password_token" ON "users" ("reset_password_token")[0m
  [1m[35m (0.0ms)[0m  PRAGMA index_list("users")
  [1m[36m (0.0ms)[0m  [1mPRAGMA index_info('index_users_on_reset_password_token')[0m
  [1m[35m (0.0ms)[0m  PRAGMA index_info('index_users_on_email')
  [1m[36m (0.1ms)[0m  [1mCREATE INDEX "index_users_on_invitation_token" ON "users" ("invitation_token")[0m
  [1m[35m (0.0ms)[0m  PRAGMA index_list("users")
  [1m[36m (0.0ms)[0m  [1mPRAGMA index_info('index_users_on_invitation_token')[0m
  [1m[35m (0.0ms)[0m  PRAGMA index_info('index_users_on_reset_password_token')
  [1m[36m (0.0ms)[0m  [1mPRAGMA index_info('index_users_on_email')[0m
  [1m[35m (0.1ms)[0m  CREATE INDEX "index_users_on_invited_by_id" ON "users" ("invited_by_id")
  [1m[36m (0.1ms)[0m  [1mSELECT * FROM "altered_users"[0m
  [1m[35m (0.2ms)[0m  DROP TABLE "altered_users"
  [1m[36m (0.1ms)[0m  [1mINSERT INTO "schema_migrations" ("version") VALUES ('20120702172037')[0m
  [1m[35m (48.1ms)[0m  commit transaction
  [1m[36m (0.4ms)[0m  [1mselect sqlite_version(*)[0m
  [1m[35m (0.1ms)[0m  SELECT "schema_migrations"."version" FROM "schema_migrations" 
  [1m[36m (0.0ms)[0m  [1mPRAGMA index_list("roles")[0m
  [1m[35m (0.0ms)[0m  PRAGMA index_info('index_roles_on_name_and_resource_type_and_resource_id')
  [1m[36m (0.0ms)[0m  [1mPRAGMA index_info('index_roles_on_name')[0m
  [1m[35m (0.1ms)[0m  PRAGMA index_list("users")
  [1m[36m (0.0ms)[0m  [1mPRAGMA index_info('index_users_on_invited_by_id')[0m
  [1m[35m (0.0ms)[0m  PRAGMA index_info('index_users_on_invitation_token')
  [1m[36m (0.0ms)[0m  [1mPRAGMA index_info('index_users_on_reset_password_token')[0m
  [1m[35m (0.0ms)[0m  PRAGMA index_info('index_users_on_email')
  [1m[36m (0.0ms)[0m  [1mPRAGMA index_list("users_roles")[0m
  [1m[35m (0.0ms)[0m  PRAGMA index_info('index_users_roles_on_user_id_and_role_id')
Connecting to database specified by database.yml
  [1m[36m (0.1ms)[0m  [1mSELECT "schema_migrations"."version" FROM "schema_migrations" [0m
  [1m[35m (0.3ms)[0m  select sqlite_version(*)
  [1m[36m (48.0ms)[0m  [1mCREATE TABLE "roles" ("id" INTEGER PRIMARY KEY AUTOINCREMENT NOT NULL, "name" varchar(255), "resource_id" integer, "resource_type" varchar(255), "created_at" datetime NOT NULL, "updated_at" datetime NOT NULL) [0m
  [1m[35m (0.1ms)[0m  PRAGMA index_list("roles")
  [1m[36m (6.2ms)[0m  [1mCREATE INDEX "index_roles_on_name_and_resource_type_and_resource_id" ON "roles" ("name", "resource_type", "resource_id")[0m
  [1m[35m (0.1ms)[0m  PRAGMA index_list("roles")
  [1m[36m (0.0ms)[0m  [1mPRAGMA index_info('index_roles_on_name_and_resource_type_and_resource_id')[0m
  [1m[35m (7.5ms)[0m  CREATE INDEX "index_roles_on_name" ON "roles" ("name")
  [1m[36m (7.2ms)[0m  [1mCREATE TABLE "users" ("id" INTEGER PRIMARY KEY AUTOINCREMENT NOT NULL, "email" varchar(255) DEFAULT '' NOT NULL, "encrypted_password" varchar(255) DEFAULT '', "reset_password_token" varchar(255), "reset_password_sent_at" datetime, "remember_created_at" datetime, "sign_in_count" integer DEFAULT 0, "current_sign_in_at" datetime, "last_sign_in_at" datetime, "current_sign_in_ip" varchar(255), "last_sign_in_ip" varchar(255), "created_at" datetime NOT NULL, "updated_at" datetime NOT NULL, "name" varchar(255), "confirmation_token" varchar(255), "confirmed_at" datetime, "confirmation_sent_at" datetime, "unconfirmed_email" varchar(255), "opt_in" boolean, "invitation_token" varchar(60), "invitation_sent_at" datetime, "invitation_accepted_at" datetime, "invitation_limit" integer, "invited_by_id" integer, "invited_by_type" varchar(255)) [0m
  [1m[35m (0.1ms)[0m  PRAGMA index_list("users")
  [1m[36m (10.3ms)[0m  [1mCREATE UNIQUE INDEX "index_users_on_email" ON "users" ("email")[0m
  [1m[35m (0.1ms)[0m  PRAGMA index_list("users")
  [1m[36m (0.0ms)[0m  [1mPRAGMA index_info('index_users_on_email')[0m
  [1m[35m (12.6ms)[0m  CREATE INDEX "index_users_on_invitation_token" ON "users" ("invitation_token")
  [1m[36m (0.1ms)[0m  [1mPRAGMA index_list("users")[0m
  [1m[35m (0.0ms)[0m  PRAGMA index_info('index_users_on_invitation_token')
  [1m[36m (0.0ms)[0m  [1mPRAGMA index_info('index_users_on_email')[0m
  [1m[35m (11.0ms)[0m  CREATE INDEX "index_users_on_invited_by_id" ON "users" ("invited_by_id")
  [1m[36m (0.1ms)[0m  [1mPRAGMA index_list("users")[0m
  [1m[35m (0.0ms)[0m  PRAGMA index_info('index_users_on_invited_by_id')
  [1m[36m (0.0ms)[0m  [1mPRAGMA index_info('index_users_on_invitation_token')[0m
  [1m[35m (0.0ms)[0m  PRAGMA index_info('index_users_on_email')
  [1m[36m (7.9ms)[0m  [1mCREATE UNIQUE INDEX "index_users_on_reset_password_token" ON "users" ("reset_password_token")[0m
  [1m[35m (8.3ms)[0m  CREATE TABLE "users_roles" ("user_id" integer, "role_id" integer) 
  [1m[36m (0.1ms)[0m  [1mPRAGMA index_list("users_roles")[0m
  [1m[35m (7.7ms)[0m  CREATE INDEX "index_users_roles_on_user_id_and_role_id" ON "users_roles" ("user_id", "role_id")
  [1m[36m (9.2ms)[0m  [1mCREATE TABLE "schema_migrations" ("version" varchar(255) NOT NULL) [0m
  [1m[35m (0.0ms)[0m  PRAGMA index_list("schema_migrations")
  [1m[36m (10.0ms)[0m  [1mCREATE UNIQUE INDEX "unique_schema_migrations" ON "schema_migrations" ("version")[0m
  [1m[35m (0.1ms)[0m  SELECT version FROM "schema_migrations"
  [1m[36m (8.3ms)[0m  [1mINSERT INTO "schema_migrations" (version) VALUES ('20120702172037')[0m
  [1m[35m (8.6ms)[0m  INSERT INTO "schema_migrations" (version) VALUES ('20120702171952')
  [1m[36m (8.6ms)[0m  [1mINSERT INTO "schema_migrations" (version) VALUES ('20120702171959')[0m
  [1m[35m (14.0ms)[0m  INSERT INTO "schema_migrations" (version) VALUES ('20120702172003')
  [1m[36m (13.7ms)[0m  [1mINSERT INTO "schema_migrations" (version) VALUES ('20120702172006')[0m
  [1m[35m (7.9ms)[0m  INSERT INTO "schema_migrations" (version) VALUES ('20120702172016')
Connecting to database specified by database.yml
  [1m[36m (0.1ms)[0m  [1mSELECT "schema_migrations"."version" FROM "schema_migrations" [0m
  [1m[35m (0.1ms)[0m  begin transaction
  [1m[36mUser Exists (0.2ms)[0m  [1mSELECT 1 AS one FROM "users" WHERE "users"."email" = 'user@example.com' LIMIT 1[0m
Binary data inserted for `string` type on column `encrypted_password`
  [1m[35mSQL (2.0ms)[0m  INSERT INTO "users" ("confirmation_sent_at", "confirmation_token", "confirmed_at", "created_at", "current_sign_in_at", "current_sign_in_ip", "email", "encrypted_password", "invitation_accepted_at", "invitation_limit", "invitation_sent_at", "invitation_token", "invited_by_id", "invited_by_type", "last_sign_in_at", "last_sign_in_ip", "name", "opt_in", "remember_created_at", "reset_password_sent_at", "reset_password_token", "sign_in_count", "unconfirmed_email", "updated_at") VALUES (?, ?, ?, ?, ?, ?, ?, ?, ?, ?, ?, ?, ?, ?, ?, ?, ?, ?, ?, ?, ?, ?, ?, ?)  [["confirmation_sent_at", nil], ["confirmation_token", nil], ["confirmed_at", Mon, 02 Jul 2012 17:20:51 UTC +00:00], ["created_at", Mon, 02 Jul 2012 17:20:51 UTC +00:00], ["current_sign_in_at", nil], ["current_sign_in_ip", nil], ["email", "user@example.com"], ["encrypted_password", "$2a$10$q60.75blV/RzkYEajBgYl.VQidsdh.E5KWqBnzEQ..CJnW2yDYPfe"], ["invitation_accepted_at", nil], ["invitation_limit", nil], ["invitation_sent_at", nil], ["invitation_token", nil], ["invited_by_id", nil], ["invited_by_type", nil], ["last_sign_in_at", nil], ["last_sign_in_ip", nil], ["name", "First User"], ["opt_in", nil], ["remember_created_at", nil], ["reset_password_sent_at", nil], ["reset_password_token", nil], ["sign_in_count", 0], ["unconfirmed_email", nil], ["updated_at", Mon, 02 Jul 2012 17:20:51 UTC +00:00]]
  [1m[36m (43.4ms)[0m  [1mcommit transaction[0m
  [1m[35m (0.1ms)[0m  begin transaction
  [1m[36mUser Exists (0.2ms)[0m  [1mSELECT 1 AS one FROM "users" WHERE "users"."email" = 'user2@example.com' LIMIT 1[0m
Binary data inserted for `string` type on column `encrypted_password`
  [1m[35mSQL (0.6ms)[0m  INSERT INTO "users" ("confirmation_sent_at", "confirmation_token", "confirmed_at", "created_at", "current_sign_in_at", "current_sign_in_ip", "email", "encrypted_password", "invitation_accepted_at", "invitation_limit", "invitation_sent_at", "invitation_token", "invited_by_id", "invited_by_type", "last_sign_in_at", "last_sign_in_ip", "name", "opt_in", "remember_created_at", "reset_password_sent_at", "reset_password_token", "sign_in_count", "unconfirmed_email", "updated_at") VALUES (?, ?, ?, ?, ?, ?, ?, ?, ?, ?, ?, ?, ?, ?, ?, ?, ?, ?, ?, ?, ?, ?, ?, ?)  [["confirmation_sent_at", nil], ["confirmation_token", nil], ["confirmed_at", Mon, 02 Jul 2012 17:20:51 UTC +00:00], ["created_at", Mon, 02 Jul 2012 17:20:51 UTC +00:00], ["current_sign_in_at", nil], ["current_sign_in_ip", nil], ["email", "user2@example.com"], ["encrypted_password", "$2a$10$uBg5SoPEFFRD0oVhyG7ZXe7kE0qB9g5rUsndumixIioYe0OsTpCBC"], ["invitation_accepted_at", nil], ["invitation_limit", nil], ["invitation_sent_at", nil], ["invitation_token", nil], ["invited_by_id", nil], ["invited_by_type", nil], ["last_sign_in_at", nil], ["last_sign_in_ip", nil], ["name", "Second User"], ["opt_in", nil], ["remember_created_at", nil], ["reset_password_sent_at", nil], ["reset_password_token", nil], ["sign_in_count", 0], ["unconfirmed_email", nil], ["updated_at", Mon, 02 Jul 2012 17:20:51 UTC +00:00]]
  [1m[36m (8.6ms)[0m  [1mcommit transaction[0m
  [1m[35mRole Load (0.2ms)[0m  SELECT "roles".* FROM "roles" WHERE "roles"."name" = 'admin' AND "roles"."resource_type" IS NULL AND "roles"."resource_id" IS NULL LIMIT 1
  [1m[36m (0.1ms)[0m  [1mbegin transaction[0m
  [1m[35mSQL (0.7ms)[0m  INSERT INTO "roles" ("created_at", "name", "resource_id", "resource_type", "updated_at") VALUES (?, ?, ?, ?, ?)  [["created_at", Mon, 02 Jul 2012 17:20:51 UTC +00:00], ["name", :admin], ["resource_id", nil], ["resource_type", nil], ["updated_at", Mon, 02 Jul 2012 17:20:51 UTC +00:00]]
  [1m[36m (6.0ms)[0m  [1mcommit transaction[0m
  [1m[35mRole Exists (0.1ms)[0m  SELECT 1 AS one FROM "roles" INNER JOIN "users_roles" ON "roles"."id" = "users_roles"."role_id" WHERE "users_roles"."user_id" = 1 AND "roles"."id" = 1 LIMIT 1
  [1m[36m (0.1ms)[0m  [1mSELECT "roles".id FROM "roles" INNER JOIN "users_roles" ON "roles"."id" = "users_roles"."role_id" WHERE "users_roles"."user_id" = 1[0m
  [1m[35mRole Load (0.1ms)[0m  SELECT "roles".* FROM "roles" WHERE "roles"."id" = ? LIMIT 1  [["id", 1]]
  [1m[36mRole Load (0.1ms)[0m  [1mSELECT "roles".* FROM "roles" INNER JOIN "users_roles" ON "roles"."id" = "users_roles"."role_id" WHERE "users_roles"."user_id" = 1[0m
  [1m[35m (0.0ms)[0m  begin transaction
  [1m[36m (0.3ms)[0m  [1mINSERT INTO "users_roles" ("user_id", "role_id") VALUES (1, 1)[0m
  [1m[35m (11.2ms)[0m  commit transaction
Connecting to database specified by database.yml
Connecting to database specified by database.yml
Connecting to database specified by database.yml
Connecting to database specified by database.yml
Connecting to database specified by database.yml
Connecting to database specified by database.yml
Connecting to database specified by database.yml
Connecting to database specified by database.yml
Connecting to database specified by database.yml
Connecting to database specified by database.yml
Connecting to database specified by database.yml
Connecting to database specified by database.yml
Connecting to database specified by database.yml
Connecting to database specified by database.yml
  [1m[36m (0.1ms)[0m  [1mSELECT "schema_migrations"."version" FROM "schema_migrations" [0m
Migrating to DeviseCreateUsers (20120702171952)
Migrating to RolifyCreateRoles (20120702171959)
Migrating to AddNameToUsers (20120702172003)
Migrating to AddConfirmableToUsers (20120702172006)
Migrating to AddOptinToUsers (20120702172016)
Migrating to DeviseInvitableAddToUsers (20120702172037)
Migrating to AddDeviseToUsers (20120702181509)
  [1m[35m (0.0ms)[0m  select sqlite_version(*)
  [1m[36m (0.0ms)[0m  [1mbegin transaction[0m
  [1m[35m (0.2ms)[0m  ALTER TABLE "users" ADD "email" varchar(255) DEFAULT '' NOT NULL
SQLite3::SQLException: duplicate column name: email: ALTER TABLE "users" ADD "email" varchar(255) DEFAULT '' NOT NULL
  [1m[36m (0.1ms)[0m  [1mrollback transaction[0m
Connecting to database specified by database.yml
Connecting to database specified by database.yml
  [1m[36m (0.1ms)[0m  [1mSELECT "schema_migrations"."version" FROM "schema_migrations" [0m
Migrating to DeviseCreateUsers (20120702171952)
Migrating to RolifyCreateRoles (20120702171959)
Migrating to AddNameToUsers (20120702172003)
Migrating to AddConfirmableToUsers (20120702172006)
Migrating to AddOptinToUsers (20120702172016)
Migrating to DeviseInvitableAddToUsers (20120702172037)
Migrating to AddDeviseToUsers (20120702181509)
  [1m[35m (0.0ms)[0m  select sqlite_version(*)
  [1m[36m (0.0ms)[0m  [1mbegin transaction[0m
  [1m[35m (0.2ms)[0m  ALTER TABLE "users" ADD "email" varchar(255) DEFAULT '' NOT NULL
SQLite3::SQLException: duplicate column name: email: ALTER TABLE "users" ADD "email" varchar(255) DEFAULT '' NOT NULL
  [1m[36m (0.1ms)[0m  [1mrollback transaction[0m
Connecting to database specified by database.yml
  [1m[36m (0.1ms)[0m  [1mSELECT "schema_migrations"."version" FROM "schema_migrations" [0m
Connecting to database specified by database.yml
  [1m[36m (0.1ms)[0m  [1mSELECT "schema_migrations"."version" FROM "schema_migrations" [0m
